  game.cpp
c:\dev\angine 2.0\angine-core\src\utils\reader.h(8): warning C4996: 'fopen': This function or variable may be unsafe. Consider using fopen_s instead. To disable deprecation, use _CRT_SECURE_NO_WARNINGS. See online help for details.
  c:\program files (x86)\windows kits\10\include\10.0.10240.0\ucrt\stdio.h(205): note: see declaration of 'fopen'
c:\dev\angine 2.0\angine-core\src\core\scene.h(32): warning C4172: returning address of local variable or temporary
c:\dev\angine 2.0\angine-core\src\core\scene.h(33): warning C4172: returning address of local variable or temporary
LINK : warning LNK4098: defaultlib 'LIBCMT' conflicts with use of other libs; use /NODEFAULTLIB:library
LINK : warning LNK4098: defaultlib 'MSVCRT' conflicts with use of other libs; use /NODEFAULTLIB:library
Scene.obj : warning LNK4049: locally defined symbol ___glewActiveTexture imported
Loader.obj : warning LNK4049: locally defined symbol ___glewBindBuffer imported
Loader.obj : warning LNK4049: locally defined symbol ___glewBufferData imported
Loader.obj : warning LNK4049: locally defined symbol ___glewDeleteBuffers imported
Loader.obj : warning LNK4049: locally defined symbol ___glewEnableVertexAttribArray imported
Loader.obj : warning LNK4049: locally defined symbol ___glewVertexAttribPointer imported
Loader.obj : warning LNK4049: locally defined symbol ___glewCreateBuffers imported
Loader.obj : warning LNK4049: locally defined symbol ___glewCreateVertexArrays imported
Loader.obj : warning LNK4049: locally defined symbol ___glewBindVertexArray imported
Renderer.obj : warning LNK4049: locally defined symbol ___glewBindVertexArray imported
Loader.obj : warning LNK4049: locally defined symbol ___glewDeleteVertexArrays imported
glew32s.lib(glew.obj) : warning LNK4099: PDB 'vc120.pdb' was not found with 'glew32s.lib(glew.obj)' or at 'C:\Dev\Angine 2.0\bin\Output\Debug\vc120.pdb'; linking object as if no debug info
  Angine-core.vcxproj -> C:\Dev\Angine 2.0\bin\Output\Debug\Angine-core.exe
