c:\dev\angine 2.0\bin\intermediates\debug\vc140.pdb
c:\dev\angine 2.0\bin\intermediates\debug\vc140.idb
c:\dev\angine 2.0\bin\intermediates\debug\game.obj
c:\dev\angine 2.0\bin\intermediates\debug\entity.obj
c:\dev\angine 2.0\bin\intermediates\debug\scene.obj
c:\dev\angine 2.0\bin\intermediates\debug\camera.obj
c:\dev\angine 2.0\bin\intermediates\debug\loader.obj
c:\dev\angine 2.0\bin\intermediates\debug\material.obj
c:\dev\angine 2.0\bin\intermediates\debug\renderer.obj
c:\dev\angine 2.0\bin\intermediates\debug\shader.obj
c:\dev\angine 2.0\bin\intermediates\debug\texture2d.obj
c:\dev\angine 2.0\bin\intermediates\debug\texturemanager.obj
c:\dev\angine 2.0\bin\intermediates\debug\window.obj
c:\dev\angine 2.0\bin\intermediates\debug\time.obj
c:\dev\angine 2.0\bin\intermediates\debug\tiny_obj_loader.obj
c:\dev\angine 2.0\bin\output\debug\angine-core.ilk
c:\dev\angine 2.0\bin\output\debug\angine-core.exe
c:\dev\angine 2.0\bin\output\debug\angine-core.pdb
c:\dev\angine 2.0\bin\intermediates\debug\loader.obj.enc
c:\dev\angine 2.0\bin\intermediates\debug\angine-core.tlog\cl.command.1.tlog
c:\dev\angine 2.0\bin\intermediates\debug\angine-core.tlog\cl.read.1.tlog
c:\dev\angine 2.0\bin\intermediates\debug\angine-core.tlog\cl.write.1.tlog
c:\dev\angine 2.0\bin\intermediates\debug\angine-core.tlog\link.command.1.tlog
c:\dev\angine 2.0\bin\intermediates\debug\angine-core.tlog\link.read.1.tlog
c:\dev\angine 2.0\bin\intermediates\debug\angine-core.tlog\link.write.1.tlog
