  game.cpp
c:\dev\angine 2.0\angine-core\src\utils\reader.h(8): warning C4996: 'fopen': This function or variable may be unsafe. Consider using fopen_s instead. To disable deprecation, use _CRT_SECURE_NO_WARNINGS. See online help for details.
  c:\program files (x86)\windows kits\10\include\10.0.10240.0\ucrt\stdio.h(205): note: see declaration of 'fopen'
c:\dev\angine 2.0\particles\game.cpp(15): warning C4244: 'initializing': conversion from 'double' to 'float', possible loss of data
c:\dev\angine 2.0\particles\game.cpp(16): warning C4244: 'initializing': conversion from 'double' to 'float', possible loss of data
MSVCRTD.lib(initializers.obj) : warning LNK4098: defaultlib 'msvcrt.lib' conflicts with use of other libs; use /NODEFAULTLIB:library
MSVCRTD.lib(initializers.obj) : warning LNK4098: defaultlib 'libcmt.lib' conflicts with use of other libs; use /NODEFAULTLIB:library
game.obj : warning LNK4049: locally defined symbol ___glewBindBuffer imported
game.obj : warning LNK4049: locally defined symbol ___glewBufferData imported
game.obj : warning LNK4049: locally defined symbol ___glewBufferSubData imported
game.obj : warning LNK4049: locally defined symbol ___glewGenBuffers imported
game.obj : warning LNK4049: locally defined symbol ___glewEnableVertexAttribArray imported
game.obj : warning LNK4049: locally defined symbol ___glewVertexAttribPointer imported
game.obj : warning LNK4049: locally defined symbol ___glewDispatchCompute imported
game.obj : warning LNK4049: locally defined symbol ___glewMemoryBarrier imported
game.obj : warning LNK4049: locally defined symbol ___glewBindBufferBase imported
game.obj : warning LNK4049: locally defined symbol ___glewBindVertexArray imported
Angine-core.lib(Renderer.obj) : warning LNK4049: locally defined symbol ___glewBindVertexArray imported
game.obj : warning LNK4049: locally defined symbol ___glewGenVertexArrays imported
Angine-core.lib(Scene.obj) : warning LNK4049: locally defined symbol ___glewActiveTexture imported
Angine-core.lib(Scene.obj) : error LNK2019: unresolved external symbol "public: void __thiscall Angine::Renderer::Material::setUniform<struct glm::tmat4x4<float,0> >(class std::basic_string<char,struct std::char_traits<char>,class std::allocator<char> >,struct glm::tmat4x4<float,0> const &)" (??$setUniform@U?$tmat4x4@M$0A@@glm@@@Material@Renderer@Angine@@QAEXV?$basic_string@DU?$char_traits@D@std@@V?$allocator@D@2@@std@@ABU?$tmat4x4@M$0A@@glm@@@Z) referenced in function "protected: void __thiscall Angine::Core::Scene::render(void)" (?render@Scene@Core@Angine@@IAEXXZ)
Angine-core.lib(Scene.obj) : error LNK2019: unresolved external symbol "public: void __thiscall Angine::Renderer::Material::setUniform<struct glm::tvec3<float,0> >(class std::basic_string<char,struct std::char_traits<char>,class std::allocator<char> >,struct glm::tvec3<float,0> const &)" (??$setUniform@U?$tvec3@M$0A@@glm@@@Material@Renderer@Angine@@QAEXV?$basic_string@DU?$char_traits@D@std@@V?$allocator@D@2@@std@@ABU?$tvec3@M$0A@@glm@@@Z) referenced in function "protected: void __thiscall Angine::Core::Scene::render(void)" (?render@Scene@Core@Angine@@IAEXXZ)
Angine-core.lib(Scene.obj) : error LNK2019: unresolved external symbol "public: void __thiscall Angine::Renderer::Material::setUniform<int>(class std::basic_string<char,struct std::char_traits<char>,class std::allocator<char> >,int const &)" (??$setUniform@H@Material@Renderer@Angine@@QAEXV?$basic_string@DU?$char_traits@D@std@@V?$allocator@D@2@@std@@ABH@Z) referenced in function "protected: void __thiscall Angine::Core::Scene::render(void)" (?render@Scene@Core@Angine@@IAEXXZ)
C:\Dev\Angine 2.0\bin\Particles\Output\Debug\Particles.exe : fatal error LNK1120: 3 unresolved externals
