  game.cpp
c:\dev\angine 2.0\angine-core\src\renderer\../Utils/Reader.h(8): warning C4996: 'fopen': This function or variable may be unsafe. Consider using fopen_s instead. To disable deprecation, use _CRT_SECURE_NO_WARNINGS. See online help for details.
  C:\Program Files (x86)\Windows Kits\10\Include\10.0.10240.0\ucrt\stdio.h(205): note: see declaration of 'fopen'
game.cpp(40): warning C4018: '<': signed/unsigned mismatch
  Entity.cpp
c:\dev\angine 2.0\angine-core\src\renderer\../Utils/Reader.h(8): warning C4996: 'fopen': This function or variable may be unsafe. Consider using fopen_s instead. To disable deprecation, use _CRT_SECURE_NO_WARNINGS. See online help for details.
  C:\Program Files (x86)\Windows Kits\10\Include\10.0.10240.0\ucrt\stdio.h(205): note: see declaration of 'fopen'
  Scene.cpp
c:\dev\angine 2.0\angine-core\src\renderer\../Utils/Reader.h(8): warning C4996: 'fopen': This function or variable may be unsafe. Consider using fopen_s instead. To disable deprecation, use _CRT_SECURE_NO_WARNINGS. See online help for details.
  C:\Program Files (x86)\Windows Kits\10\Include\10.0.10240.0\ucrt\stdio.h(205): note: see declaration of 'fopen'
src\core\Scene.cpp(38): warning C4018: '<': signed/unsigned mismatch
  Camera.cpp
  Loader.cpp
c:\dev\angine 2.0\angine-core\src\renderer\../Utils/Reader.h(8): warning C4996: 'fopen': This function or variable may be unsafe. Consider using fopen_s instead. To disable deprecation, use _CRT_SECURE_NO_WARNINGS. See online help for details.
  C:\Program Files (x86)\Windows Kits\10\Include\10.0.10240.0\ucrt\stdio.h(205): note: see declaration of 'fopen'
  Material.cpp
c:\dev\angine 2.0\angine-core\src\renderer\../Utils/Reader.h(8): warning C4996: 'fopen': This function or variable may be unsafe. Consider using fopen_s instead. To disable deprecation, use _CRT_SECURE_NO_WARNINGS. See online help for details.
  C:\Program Files (x86)\Windows Kits\10\Include\10.0.10240.0\ucrt\stdio.h(205): note: see declaration of 'fopen'
  Renderer.cpp
c:\dev\angine 2.0\angine-core\src\renderer\../Utils/Reader.h(8): warning C4996: 'fopen': This function or variable may be unsafe. Consider using fopen_s instead. To disable deprecation, use _CRT_SECURE_NO_WARNINGS. See online help for details.
  C:\Program Files (x86)\Windows Kits\10\Include\10.0.10240.0\ucrt\stdio.h(205): note: see declaration of 'fopen'
  Shader.cpp
c:\dev\angine 2.0\angine-core\src\renderer\../Utils/Reader.h(8): warning C4996: 'fopen': This function or variable may be unsafe. Consider using fopen_s instead. To disable deprecation, use _CRT_SECURE_NO_WARNINGS. See online help for details.
  C:\Program Files (x86)\Windows Kits\10\Include\10.0.10240.0\ucrt\stdio.h(205): note: see declaration of 'fopen'
  Texture2D.cpp
  TextureManager.cpp
  Window.cpp
  Time.cpp
src\core\Time.cpp(30): warning C4244: '=': conversion from 'double' to 'float', possible loss of data
  tiny_obj_loader.cc
  Angine-core.vcxproj -> C:\Dev\Angine 2.0\bin\Angine-core\Output\Release\Angine-core.lib
