  game.cpp
c:\dev\angine-2.0\octreecollision\game.h(31): warning C4244: 'return': conversion from 'double' to 'float', possible loss of data
game.cpp(24): error C2664: 'Angine::Renderer::Shader::Shader(const Angine::Renderer::Shader &)': cannot convert argument 1 from 'const char [23]' to 'Angine::RenderDevice &'
game.cpp(24): error C2512: 'Angine::Renderer::Material::Material': no appropriate default constructor available
game.cpp(53): warning C4305: 'argument': truncation from 'double' to 'float'
game.cpp(155): warning C4018: '<': signed/unsigned mismatch
game.cpp(160): warning C4018: '<': signed/unsigned mismatch
game.cpp(169): warning C4018: '<': signed/unsigned mismatch
game.cpp(183): warning C4244: 'initializing': conversion from 'double' to 'float', possible loss of data
  OcTree.cpp
OcTree.cpp(30): warning C4018: '<': signed/unsigned mismatch
OcTree.cpp(60): warning C4018: '<': signed/unsigned mismatch
c:\dev\angine-2.0\angine-core\src\renderer\../renderer/Material.h(15): error C2039: 'use': is not a member of 'Angine::Renderer::Shader'
  c:\dev\angine-2.0\angine-core\src\renderer\Shader.h(9): note: see declaration of 'Angine::Renderer::Shader'
  c:\dev\angine-2.0\angine-core\src\core\../renderer/BasicLightingMaterial.h(19): note: see reference to function template instantiation 'void Angine::Renderer::Material::setUniform<glm::vec3>(const std::string &,const T &)' being compiled
          with
          [
              T=glm::vec3
          ]
c:\dev\angine-2.0\angine-core\src\renderer\../renderer/Material.h(16): error C2039: 'setUniform': is not a member of 'Angine::Renderer::Shader'
  c:\dev\angine-2.0\angine-core\src\renderer\Shader.h(9): note: see declaration of 'Angine::Renderer::Shader'
  Particle.cpp
c:\dev\angine-2.0\angine-core\src\renderer\../renderer/Material.h(15): error C2039: 'use': is not a member of 'Angine::Renderer::Shader'
  c:\dev\angine-2.0\angine-core\src\renderer\Shader.h(9): note: see declaration of 'Angine::Renderer::Shader'
  c:\dev\angine-2.0\angine-core\src\core\../renderer/BasicLightingMaterial.h(19): note: see reference to function template instantiation 'void Angine::Renderer::Material::setUniform<glm::vec3>(const std::string &,const T &)' being compiled
          with
          [
              T=glm::vec3
          ]
c:\dev\angine-2.0\angine-core\src\renderer\../renderer/Material.h(16): error C2039: 'setUniform': is not a member of 'Angine::Renderer::Shader'
  c:\dev\angine-2.0\angine-core\src\renderer\Shader.h(9): note: see declaration of 'Angine::Renderer::Shader'
