  game.cpp
game.cpp(15): warning C4244: 'initializing': conversion from 'double' to 'float', possible loss of data
game.cpp(16): warning C4244: 'initializing': conversion from 'double' to 'float', possible loss of data
game.cpp(27): error C2664: 'Angine::Renderer::Shader::Shader(const Angine::Renderer::Shader &)': cannot convert argument 1 from 'const char [20]' to 'Angine::RenderDevice &'
game.cpp(28): error C2664: 'Angine::Renderer::Shader::Shader(const Angine::Renderer::Shader &)': cannot convert argument 1 from 'const char [20]' to 'const Angine::Renderer::Shader &'
  game.cpp(28): note: Reason: cannot convert from 'const char [20]' to 'const Angine::Renderer::Shader'
  game.cpp(28): note: No constructor could take the source type, or constructor overload resolution was ambiguous
game.cpp(33): error C2039: 'use': is not a member of 'Angine::Renderer::Shader'
  c:\dev\angine-2.0\angine-core\src\renderer\Shader.h(9): note: see declaration of 'Angine::Renderer::Shader'
game.cpp(35): error C2039: 'setUniform': is not a member of 'Angine::Renderer::Shader'
  c:\dev\angine-2.0\angine-core\src\renderer\Shader.h(9): note: see declaration of 'Angine::Renderer::Shader'
game.cpp(37): error C2039: 'setUniform': is not a member of 'Angine::Renderer::Shader'
  c:\dev\angine-2.0\angine-core\src\renderer\Shader.h(9): note: see declaration of 'Angine::Renderer::Shader'
game.cpp(39): error C2039: 'unuse': is not a member of 'Angine::Renderer::Shader'
  c:\dev\angine-2.0\angine-core\src\renderer\Shader.h(9): note: see declaration of 'Angine::Renderer::Shader'
game.cpp(46): warning C4244: '+=': conversion from 'double' to 'float', possible loss of data
game.cpp(50): warning C4244: '-=': conversion from 'double' to 'float', possible loss of data
game.cpp(54): warning C4244: '+=': conversion from 'double' to 'float', possible loss of data
game.cpp(58): warning C4244: '-=': conversion from 'double' to 'float', possible loss of data
game.cpp(149): error C2039: 'use': is not a member of 'Angine::Renderer::Shader'
  c:\dev\angine-2.0\angine-core\src\renderer\Shader.h(9): note: see declaration of 'Angine::Renderer::Shader'
game.cpp(151): error C2039: 'setUniform': is not a member of 'Angine::Renderer::Shader'
  c:\dev\angine-2.0\angine-core\src\renderer\Shader.h(9): note: see declaration of 'Angine::Renderer::Shader'
game.cpp(152): error C2039: 'setUniform': is not a member of 'Angine::Renderer::Shader'
  c:\dev\angine-2.0\angine-core\src\renderer\Shader.h(9): note: see declaration of 'Angine::Renderer::Shader'
game.cpp(158): error C2039: 'use': is not a member of 'Angine::Renderer::Shader'
  c:\dev\angine-2.0\angine-core\src\renderer\Shader.h(9): note: see declaration of 'Angine::Renderer::Shader'
game.cpp(164): error C2039: 'setUniform': is not a member of 'Angine::Renderer::Shader'
  c:\dev\angine-2.0\angine-core\src\renderer\Shader.h(9): note: see declaration of 'Angine::Renderer::Shader'
game.cpp(165): error C2039: 'setUniform': is not a member of 'Angine::Renderer::Shader'
  c:\dev\angine-2.0\angine-core\src\renderer\Shader.h(9): note: see declaration of 'Angine::Renderer::Shader'
