  game.cpp
c:\dev\angine-2.0\cloth-simulation\game.h(22): error C2143: syntax error: missing ';' before '*'
c:\dev\angine-2.0\cloth-simulation\game.h(22): error C4430: missing type specifier - int assumed. Note: C++ does not support default-int
c:\dev\angine-2.0\cloth-simulation\game.h(22): error C2238: unexpected token(s) preceding ';'
game.cpp(26): error C2065: 'm_cloth': undeclared identifier
game.cpp(26): error C2061: syntax error: identifier 'Cloth'
game.cpp(27): error C2065: 'm_cloth': undeclared identifier
game.cpp(27): error C3861: 'AddCloth': identifier not found
game.cpp(31): error C2664: 'Angine::Renderer::Shader::Shader(const Angine::Renderer::Shader &)': cannot convert argument 1 from 'const char [26]' to 'Angine::RenderDevice &'
game.cpp(31): error C2664: 'Angine::Renderer::BasicLightingMaterial::BasicLightingMaterial(const Angine::Renderer::BasicLightingMaterial &)': cannot convert argument 1 from 'Angine::Renderer::Camera *' to 'const Angine::Renderer::BasicLightingMaterial &'
  game.cpp(31): note: Reason: cannot convert from 'Angine::Renderer::Camera *' to 'const Angine::Renderer::BasicLightingMaterial'
  game.cpp(31): note: No constructor could take the source type, or constructor overload resolution was ambiguous
game.cpp(33): error C2065: 'm_cloth': undeclared identifier
game.cpp(33): error C2227: left of '->setLightPos' must point to class/struct/union/generic type
  game.cpp(33): note: type is 'unknown-type'
game.cpp(81): warning C4244: '+=': conversion from 'double' to 'float', possible loss of data
game.cpp(86): warning C4244: '-=': conversion from 'double' to 'float', possible loss of data
game.cpp(89): error C2065: 'm_cloth': undeclared identifier
game.cpp(89): error C2227: left of '->updateSphere' must point to class/struct/union/generic type
  game.cpp(89): note: type is 'unknown-type'
