  Particle.cpp
  OcTree.cpp
c:\dev\angine-2.0\octreecollision\octree.cpp(30): warning C4018: '<': signed/unsigned mismatch
c:\dev\angine-2.0\octreecollision\octree.cpp(60): warning C4018: '<': signed/unsigned mismatch
  game.cpp
c:\dev\angine-2.0\octreecollision\game.h(9): error C2039: 'Scene': is not a member of 'Angine::Core'
  c:\dev\angine-2.0\angine-core\src\core\entity.h(9): note: see declaration of 'Angine::Core'
c:\dev\angine-2.0\octreecollision\game.h(10): error C2504: 'Scene': base class undefined
c:\dev\angine-2.0\octreecollision\game.h(15): error C3668: 'Game::init': method with override specifier 'override' did not override any base class methods
c:\dev\angine-2.0\octreecollision\game.h(16): error C3668: 'Game::update': method with override specifier 'override' did not override any base class methods
c:\dev\angine-2.0\octreecollision\game.h(17): error C3668: 'Game::tick': method with override specifier 'override' did not override any base class methods
c:\dev\angine-2.0\octreecollision\game.h(18): error C3668: 'Game::onRender': method with override specifier 'override' did not override any base class methods
c:\dev\angine-2.0\octreecollision\game.h(31): warning C4244: 'return': conversion from 'double' to 'float', possible loss of data
c:\dev\angine-2.0\octreecollision\game.cpp(5): error C3861: 'createWindow': identifier not found
c:\dev\angine-2.0\octreecollision\game.cpp(21): error C2065: 'FPSCamera': undeclared identifier
c:\dev\angine-2.0\octreecollision\game.cpp(21): error C2065: 'tps': undeclared identifier
c:\dev\angine-2.0\octreecollision\game.cpp(21): error C2061: syntax error: identifier 'FPSCamera'
c:\dev\angine-2.0\octreecollision\game.cpp(22): error C2065: 'tps': undeclared identifier
c:\dev\angine-2.0\octreecollision\game.cpp(22): error C3861: 'setCamera': identifier not found
c:\dev\angine-2.0\octreecollision\game.cpp(24): error C2664: 'Angine::Renderer::Shader::Shader(const Angine::Renderer::Shader &)': cannot convert argument 1 from 'const char [23]' to 'Angine::RenderDevice &'
c:\dev\angine-2.0\octreecollision\game.cpp(24): error C2512: 'Angine::Renderer::Material::Material': no appropriate default constructor available
c:\dev\angine-2.0\octreecollision\game.cpp(32): error C3861: 'AddEntity': identifier not found
c:\dev\angine-2.0\octreecollision\game.cpp(53): warning C4305: 'argument': truncation from 'double' to 'float'
c:\dev\angine-2.0\octreecollision\game.cpp(81): error C3861: 'AddEntity': identifier not found
c:\dev\angine-2.0\octreecollision\game.cpp(155): warning C4018: '<': signed/unsigned mismatch
c:\dev\angine-2.0\octreecollision\game.cpp(160): warning C4018: '<': signed/unsigned mismatch
c:\dev\angine-2.0\octreecollision\game.cpp(169): warning C4018: '<': signed/unsigned mismatch
c:\dev\angine-2.0\octreecollision\game.cpp(183): warning C4244: 'initializing': conversion from 'double' to 'float', possible loss of data
c:\dev\angine-2.0\octreecollision\game.cpp(238): error C3861: 'DeleteEntity': identifier not found
c:\dev\angine-2.0\octreecollision\game.cpp(246): error C2653: 'Scene': is not a class or namespace name
c:\dev\angine-2.0\octreecollision\game.cpp(246): error C3861: 'printFpsUps': identifier not found
c:\dev\angine-2.0\octreecollision\game.cpp(260): error C2039: 'start': is not a member of 'Game'
  c:\dev\angine-2.0\octreecollision\game.h(9): note: see declaration of 'Game'
  Generating Code...
