c:\dev\angine 2.0\bin\octreecollision\intermediates\debug\vc140.pdb
c:\dev\angine 2.0\bin\octreecollision\intermediates\debug\vc140.idb
c:\dev\angine 2.0\bin\octreecollision\intermediates\debug\octree.obj
c:\dev\angine 2.0\bin\octreecollision\intermediates\debug\particle.obj
c:\dev\angine 2.0\bin\octreecollision\intermediates\debug\vc141.pdb
c:\dev\angine 2.0\bin\octreecollision\intermediates\debug\vc141.idb
c:\dev\angine\bin\octreecollision\intermediates\debug\vc141.pdb
c:\dev\angine\bin\octreecollision\intermediates\debug\vc141.idb
c:\dev\angine\bin\octreecollision\intermediates\debug\game.obj
c:\dev\angine\bin\octreecollision\intermediates\debug\octree.obj
c:\dev\angine\bin\octreecollision\intermediates\debug\particle.obj
c:\dev\angine-2.0\bin\octreecollision\intermediates\debug\vc141.pdb
c:\dev\angine-2.0\bin\octreecollision\intermediates\debug\vc141.idb
c:\dev\angine-2.0\bin\octreecollision\intermediates\debug\octree.obj
c:\dev\angine-2.0\bin\octreecollision\intermediates\debug\particle.obj
c:\dev\angine 2.0\bin\octreecollision\output\debug\octreecollision.ilk
c:\dev\angine 2.0\bin\octreecollision\output\debug\octreecollision.exe
c:\dev\angine 2.0\bin\octreecollision\output\debug\octreecollision.pdb
c:\dev\angine\bin\octreecollision\output\debug\octreecollision.ilk
c:\dev\angine\bin\octreecollision\output\debug\octreecollision.exe
c:\dev\angine\bin\octreecollision\output\debug\lnk{adf86869-8be6-41f0-916d-47a8a934ad4d}.tmp
c:\dev\angine\bin\octreecollision\output\debug\octreecollision.pdb
c:\dev\angine 2.0\bin\octreecollision\intermediates\debug\octreecollision.tlog\cl.command.1.tlog
c:\dev\angine 2.0\bin\octreecollision\intermediates\debug\octreecollision.tlog\cl.read.1.tlog
c:\dev\angine 2.0\bin\octreecollision\intermediates\debug\octreecollision.tlog\cl.write.1.tlog
c:\dev\angine 2.0\bin\octreecollision\intermediates\debug\octreecollision.tlog\link.command.1.tlog
c:\dev\angine 2.0\bin\octreecollision\intermediates\debug\octreecollision.tlog\link.delete.1.tlog
c:\dev\angine 2.0\bin\octreecollision\intermediates\debug\octreecollision.tlog\link.read.1.tlog
c:\dev\angine 2.0\bin\octreecollision\intermediates\debug\octreecollision.tlog\link.write.1.tlog
